This file contains any messages produced by compilers while
running configure, to aid debugging if configure makes a mistake.

It was created by GNU Autoconf configure 2.65, which was
generated by GNU Autoconf 2.65.  Invocation command line was

  $ ./configure --prefix=/usr/local

## --------- ##
## Platform. ##
## --------- ##

hostname = panweideMacBook-Pro.local
uname -m = x86_64
uname -r = 18.2.0
uname -s = Darwin
uname -v = Darwin Kernel Version 18.2.0: Fri Oct  5 19:41:49 PDT 2018; root:xnu-4903.221.2~2/RELEASE_X86_64

/usr/bin/uname -p = i386
/bin/uname -X     = unknown

/bin/arch              = unknown
/usr/bin/arch -k       = unknown
/usr/convex/getsysinfo = unknown
/usr/bin/hostinfo      = Mach kernel version:
	 Darwin Kernel Version 18.2.0: Fri Oct  5 19:41:49 PDT 2018; root:xnu-4903.221.2~2/RELEASE_X86_64
Kernel configured for up to 12 processors.
6 processors are physically available.
12 processors are logically available.
Processor type: x86_64h (Intel x86-64h Haswell)
Processors active: 0 1 2 3 4 5 6 7 8 9 10 11
Primary memory available: 16.00 gigabytes
Default processor set: 484 tasks, 2074 threads, 12 processors
Load average: 2.22, Mach factor: 9.77
/bin/machine           = unknown
/usr/bin/oslevel       = unknown
/bin/universe          = unknown

PATH: /usr/local/bin
PATH: /usr/bin
PATH: /bin
PATH: /usr/sbin
PATH: /sbin


## ----------- ##
## Core tests. ##
## ----------- ##

configure:1750: checking for a BSD-compatible install
configure:1818: result: /usr/bin/install -c
configure:1829: checking whether build environment is sane
configure:1879: result: yes
configure:2020: checking for a thread-safe mkdir -p
configure:2059: result: build-aux/install-sh -c -d
configure:2072: checking for gawk
configure:2102: result: no
configure:2072: checking for mawk
configure:2102: result: no
configure:2072: checking for nawk
configure:2102: result: no
configure:2072: checking for awk
configure:2088: found /usr/bin/awk
configure:2099: result: awk
configure:2110: checking whether make sets $(MAKE)
configure:2132: result: yes
configure:2236: checking whether /bin/sh -n is known to work
configure:2255: result: yes
configure:2259: checking for characters that cannot appear in file names
configure:2279: result: none
configure:2285: checking whether directories can have trailing spaces
configure:2299: result: yes
configure:2310: checking for expr
configure:2328: found /bin/expr
configure:2340: result: /bin/expr
configure:2359: checking for GNU M4 that supports accurate traces
configure:2401: result: /usr/bin/m4
configure:2404: checking whether /usr/bin/m4 accepts --gnu
configure:2414: result: no
configure:2425: WARNING: The version of M4 that was found does not support -g.
configure:2427: WARNING: Using it with POSIXLY_CORRECT set may cause problems.
configure:2431: checking how m4 supports trace files
configure:2441: result: --error-output
configure:2465: checking for perl
configure:2483: found /usr/bin/perl
configure:2496: result: /usr/bin/perl
configure:2515: checking whether /usr/bin/perl Fcntl::flock is implemented
configure:2529: result: yes
configure:2547: checking for emacs
configure:2563: found /usr/bin/emacs
configure:2574: result: emacs
configure:2592: checking whether emacs is sufficiently recent
configure:2602: $TEST_EMACS -batch -q -f batch-byte-compile conftest.el 1>&2

In broken-mode:
conftest.el:2:35:Warning: assignment to free variable `broken-defaults'
Wrote /Users/panwei/Documents/workspace/qicaiframe/depends/skynet/autoconf-2.65/conftest.elc
configure:2605: $? = 0
configure:2613: result: yes
configure:2630: checking for emacs
configure:2657: result: emacs
configure:2681: checking where .elc files should go
configure:2694: $EMACS -batch -q -eval '(while load-path (princ (concat (car load-path) "\n")) (setq load-path (cdr load-path)))' </dev/null >conftest.out
configure:2697: $? = 0
configure:2710: result: ${datarootdir}/emacs/site-lisp
configure:2723: checking for grep that handles long lines and -e
configure:2781: result: /usr/bin/grep
configure:2786: checking for egrep
configure:2848: result: /usr/bin/grep -E
configure:2853: checking for a sed that does not truncate output
configure:2917: result: /usr/bin/sed
configure:2927: checking whether make is case sensitive
configure:2942: result: yes
configure:3109: creating ./config.status

## ---------------------- ##
## Running config.status. ##
## ---------------------- ##

This file was extended by GNU Autoconf config.status 2.65, which was
generated by GNU Autoconf 2.65.  Invocation command line was

  CONFIG_FILES    = 
  CONFIG_HEADERS  = 
  CONFIG_LINKS    = 
  CONFIG_COMMANDS = 
  $ ./config.status 

on panweideMacBook-Pro.local

config.status:792: creating tests/Makefile
config.status:792: creating tests/atlocal
config.status:792: creating man/Makefile
config.status:792: creating lib/emacs/Makefile
config.status:792: creating Makefile
config.status:792: creating doc/Makefile
config.status:792: creating lib/Makefile
config.status:792: creating lib/Autom4te/Makefile
config.status:792: creating lib/autoscan/Makefile
config.status:792: creating lib/m4sugar/Makefile
config.status:792: creating lib/autoconf/Makefile
config.status:792: creating lib/autotest/Makefile
config.status:792: creating bin/Makefile
config.status:986: executing tests/atconfig commands

## ---------------- ##
## Cache variables. ##
## ---------------- ##

ac_cv_dir_trailing_space=yes
ac_cv_env_EMACSLOADPATH_set=
ac_cv_env_EMACSLOADPATH_value=
ac_cv_env_EMACS_set=
ac_cv_env_EMACS_value=
ac_cv_env_M4_set=
ac_cv_env_M4_value=
ac_cv_env_build_alias_set=
ac_cv_env_build_alias_value=
ac_cv_env_host_alias_set=
ac_cv_env_host_alias_value=
ac_cv_env_target_alias_set=
ac_cv_env_target_alias_value=
ac_cv_path_EGREP='/usr/bin/grep -E'
ac_cv_path_EXPR=/bin/expr
ac_cv_path_GREP=/usr/bin/grep
ac_cv_path_M4=/usr/bin/m4
ac_cv_path_PERL=/usr/bin/perl
ac_cv_path_SED=/usr/bin/sed
ac_cv_path_install='/usr/bin/install -c'
ac_cv_perl_flock_implemented=yes
ac_cv_prog_AWK=awk
ac_cv_prog_EMACS=emacs
ac_cv_prog_TEST_EMACS=emacs
ac_cv_prog_emacs_ok=yes
ac_cv_prog_gnu_m4_debugfile=--error-output
ac_cv_prog_gnu_m4_gnu=no
ac_cv_prog_make_make_case=yes
ac_cv_prog_make_make_set=yes
ac_cv_sh_n_works=yes
ac_cv_unsupported_fs_chars=
am_cv_lispdir='${datarootdir}/emacs/site-lisp'

## ----------------- ##
## Output variables. ##
## ----------------- ##

ACLOCAL='${SHELL} /Users/panwei/Documents/workspace/qicaiframe/depends/skynet/autoconf-2.65/build-aux/missing --run aclocal-1.11'
AMTAR='${SHELL} /Users/panwei/Documents/workspace/qicaiframe/depends/skynet/autoconf-2.65/build-aux/missing --run tar'
AUTOCONF='${SHELL} /Users/panwei/Documents/workspace/qicaiframe/depends/skynet/autoconf-2.65/build-aux/missing --run autoconf'
AUTOHEADER='${SHELL} /Users/panwei/Documents/workspace/qicaiframe/depends/skynet/autoconf-2.65/build-aux/missing --run autoheader'
AUTOMAKE='${SHELL} /Users/panwei/Documents/workspace/qicaiframe/depends/skynet/autoconf-2.65/build-aux/missing --run automake-1.11'
AWK='awk'
CYGPATH_W='echo'
DEFS='-DPACKAGE_NAME=\"GNU\ Autoconf\" -DPACKAGE_TARNAME=\"autoconf\" -DPACKAGE_VERSION=\"2.65\" -DPACKAGE_STRING=\"GNU\ Autoconf\ 2.65\" -DPACKAGE_BUGREPORT=\"bug-autoconf@gnu.org\" -DPACKAGE_URL=\"http://www.gnu.org/software/autoconf/\" -DPACKAGE=\"autoconf\" -DVERSION=\"2.65\"'
ECHO_C='\c'
ECHO_N=''
ECHO_T=''
EGREP='/usr/bin/grep -E'
EMACS='emacs'
EMACSLOADPATH=''
EXPR='/bin/expr'
GREP='/usr/bin/grep'
HELP2MAN='${SHELL} /Users/panwei/Documents/workspace/qicaiframe/depends/skynet/autoconf-2.65/build-aux/missing --run help2man'
INSTALL_DATA='${INSTALL} -m 644'
INSTALL_PROGRAM='${INSTALL}'
INSTALL_SCRIPT='${INSTALL}'
INSTALL_STRIP_PROGRAM='$(install_sh) -c -s'
LIBOBJS=''
LIBS=''
LTLIBOBJS=''
M4='/usr/bin/m4'
M4_DEBUGFILE='--error-output'
M4_GNU=''
MAKEINFO='${SHELL} /Users/panwei/Documents/workspace/qicaiframe/depends/skynet/autoconf-2.65/build-aux/missing --run makeinfo'
MAKE_CASE_SENSITIVE_FALSE='#'
MAKE_CASE_SENSITIVE_TRUE=''
MKDIR_P='build-aux/install-sh -c -d'
PACKAGE='autoconf'
PACKAGE_BUGREPORT='bug-autoconf@gnu.org'
PACKAGE_NAME='GNU Autoconf'
PACKAGE_STRING='GNU Autoconf 2.65'
PACKAGE_TARNAME='autoconf'
PACKAGE_URL='http://www.gnu.org/software/autoconf/'
PACKAGE_VERSION='2.65'
PATH_SEPARATOR=':'
PERL='/usr/bin/perl'
PERL_FLOCK='yes'
SED='/usr/bin/sed'
SET_MAKE=''
SHELL='/bin/sh'
STRIP=''
TEST_EMACS='emacs'
VERSION='2.65'
ac_cv_dir_trailing_space='yes'
ac_cv_sh_n_works='yes'
ac_cv_unsupported_fs_chars=''
am__isrc=''
am__leading_dot='.'
am__tar='${AMTAR} chof - "$$tardir"'
am__untar='${AMTAR} xf -'
bindir='${exec_prefix}/bin'
build_alias=''
datadir='${datarootdir}'
datarootdir='${prefix}/share'
docdir='${datarootdir}/doc/${PACKAGE_TARNAME}'
dvidir='${docdir}'
exec_prefix='${prefix}'
host_alias=''
htmldir='${docdir}'
includedir='${prefix}/include'
infodir='${datarootdir}/info'
install_sh='${SHELL} /Users/panwei/Documents/workspace/qicaiframe/depends/skynet/autoconf-2.65/build-aux/install-sh'
libdir='${exec_prefix}/lib'
libexecdir='${exec_prefix}/libexec'
lispdir='${datarootdir}/emacs/site-lisp'
localedir='${datarootdir}/locale'
localstatedir='${prefix}/var'
mandir='${datarootdir}/man'
mkdir_p='$(top_builddir)/build-aux/install-sh -c -d'
oldincludedir='/usr/include'
pdfdir='${docdir}'
prefix='/usr/local'
program_transform_name='s,x,x,'
psdir='${docdir}'
sbindir='${exec_prefix}/sbin'
sharedstatedir='${prefix}/com'
sysconfdir='${prefix}/etc'
target_alias=''

## ----------- ##
## confdefs.h. ##
## ----------- ##

/* confdefs.h */
#define PACKAGE_NAME "GNU Autoconf"
#define PACKAGE_TARNAME "autoconf"
#define PACKAGE_VERSION "2.65"
#define PACKAGE_STRING "GNU Autoconf 2.65"
#define PACKAGE_BUGREPORT "bug-autoconf@gnu.org"
#define PACKAGE_URL "http://www.gnu.org/software/autoconf/"
#define PACKAGE "autoconf"
#define VERSION "2.65"

configure: exit 0
